[2025-02-18T01:17:47.009+0900][info][gc] Using G1
[2025-02-18T01:17:47.009+0900][info][gc,init] Version: 17.0.10+7 (release)
[2025-02-18T01:17:47.009+0900][info][gc,init] CPUs: 10 total, 10 available
[2025-02-18T01:17:47.009+0900][info][gc,init] Memory: 32768M
[2025-02-18T01:17:47.009+0900][info][gc,init] Large Page Support: Disabled
[2025-02-18T01:17:47.009+0900][info][gc,init] NUMA Support: Disabled
[2025-02-18T01:17:47.009+0900][info][gc,init] Compressed Oops: Enabled (Zero based)
[2025-02-18T01:17:47.009+0900][info][gc,init] Heap Region Size: 1M
[2025-02-18T01:17:47.009+0900][info][gc,init] Heap Min Capacity: 16M
[2025-02-18T01:17:47.009+0900][info][gc,init] Heap Initial Capacity: 16M
[2025-02-18T01:17:47.009+0900][info][gc,init] Heap Max Capacity: 56M
[2025-02-18T01:17:47.009+0900][info][gc,init] Pre-touch: Disabled
[2025-02-18T01:17:47.009+0900][info][gc,init] Parallel Workers: 9
[2025-02-18T01:17:47.009+0900][info][gc,init] Concurrent Workers: 2
[2025-02-18T01:17:47.009+0900][info][gc,init] Concurrent Refinement Workers: 9
[2025-02-18T01:17:47.009+0900][info][gc,init] Periodic GC: Disabled
[2025-02-18T01:17:47.009+0900][info][gc,metaspace] CDS archive(s) not mapped
[2025-02-18T01:17:47.009+0900][info][gc,metaspace] Compressed class space mapped at: 0x0000000800000000-0x0000000840000000, reserved size: 1073741824
[2025-02-18T01:17:47.009+0900][info][gc,metaspace] Narrow klass base: 0x0000000800000000, Narrow klass shift: 0, Narrow klass range: 0x40000000
[2025-02-18T01:17:50.034+0900][info][gc,start    ] GC(0) Pause Young (Normal) (G1 Evacuation Pause)
[2025-02-18T01:17:50.034+0900][info][gc,task     ] GC(0) Using 2 workers of 9 for evacuation
[2025-02-18T01:17:50.038+0900][info][gc,phases   ] GC(0)   Pre Evacuate Collection Set: 0.0ms
[2025-02-18T01:17:50.038+0900][info][gc,phases   ] GC(0)   Merge Heap Roots: 0.0ms
[2025-02-18T01:17:50.038+0900][info][gc,phases   ] GC(0)   Evacuate Collection Set: 3.9ms
[2025-02-18T01:17:50.038+0900][info][gc,phases   ] GC(0)   Post Evacuate Collection Set: 0.3ms
[2025-02-18T01:17:50.038+0900][info][gc,phases   ] GC(0)   Other: 0.2ms
[2025-02-18T01:17:50.038+0900][info][gc,heap     ] GC(0) Eden regions: 6->0(2)
[2025-02-18T01:17:50.038+0900][info][gc,heap     ] GC(0) Survivor regions: 0->1(1)
[2025-02-18T01:17:50.038+0900][info][gc,heap     ] GC(0) Old regions: 0->4
[2025-02-18T01:17:50.038+0900][info][gc,heap     ] GC(0) Archive regions: 0->0
[2025-02-18T01:17:50.038+0900][info][gc,heap     ] GC(0) Humongous regions: 0->0
[2025-02-18T01:17:50.038+0900][info][gc,metaspace] GC(0) Metaspace: 8059K(8192K)->8059K(8192K) NonClass: 7358K(7424K)->7358K(7424K) Class: 701K(768K)->701K(768K)
[2025-02-18T01:17:50.038+0900][info][gc          ] GC(0) Pause Young (Normal) (G1 Evacuation Pause) 6M->4M(16M) 4.554ms
[2025-02-18T01:17:50.038+0900][info][gc,cpu      ] GC(0) User=0.01s Sys=0.00s Real=0.00s
[2025-02-18T01:17:50.042+0900][info][gc,start    ] GC(1) Pause Young (Normal) (G1 Evacuation Pause)
[2025-02-18T01:17:50.042+0900][info][gc,task     ] GC(1) Using 2 workers of 9 for evacuation
[2025-02-18T01:17:50.045+0900][info][gc,phases   ] GC(1)   Pre Evacuate Collection Set: 0.0ms
[2025-02-18T01:17:50.045+0900][info][gc,phases   ] GC(1)   Merge Heap Roots: 0.0ms
[2025-02-18T01:17:50.045+0900][info][gc,phases   ] GC(1)   Evacuate Collection Set: 2.6ms
[2025-02-18T01:17:50.045+0900][info][gc,phases   ] GC(1)   Post Evacuate Collection Set: 0.1ms
[2025-02-18T01:17:50.045+0900][info][gc,phases   ] GC(1)   Other: 0.1ms
[2025-02-18T01:17:50.045+0900][info][gc,heap     ] GC(1) Eden regions: 2->0(1)
[2025-02-18T01:17:50.045+0900][info][gc,heap     ] GC(1) Survivor regions: 1->1(1)
[2025-02-18T01:17:50.045+0900][info][gc,heap     ] GC(1) Old regions: 4->6
[2025-02-18T01:17:50.045+0900][info][gc,heap     ] GC(1) Archive regions: 0->0
[2025-02-18T01:17:50.045+0900][info][gc,heap     ] GC(1) Humongous regions: 0->0
[2025-02-18T01:17:50.045+0900][info][gc,metaspace] GC(1) Metaspace: 8068K(8192K)->8068K(8192K) NonClass: 7367K(7424K)->7367K(7424K) Class: 701K(768K)->701K(768K)
[2025-02-18T01:17:50.045+0900][info][gc          ] GC(1) Pause Young (Normal) (G1 Evacuation Pause) 6M->7M(16M) 2.952ms
[2025-02-18T01:17:50.045+0900][info][gc,cpu      ] GC(1) User=0.01s Sys=0.00s Real=0.00s
[2025-02-18T01:17:50.047+0900][info][gc,start    ] GC(2) Pause Young (Normal) (G1 Evacuation Pause)
[2025-02-18T01:17:50.047+0900][info][gc,task     ] GC(2) Using 2 workers of 9 for evacuation
[2025-02-18T01:17:50.049+0900][info][gc,phases   ] GC(2)   Pre Evacuate Collection Set: 0.0ms
[2025-02-18T01:17:50.049+0900][info][gc,phases   ] GC(2)   Merge Heap Roots: 0.0ms
[2025-02-18T01:17:50.049+0900][info][gc,phases   ] GC(2)   Evacuate Collection Set: 2.6ms
[2025-02-18T01:17:50.049+0900][info][gc,phases   ] GC(2)   Post Evacuate Collection Set: 0.1ms
[2025-02-18T01:17:50.049+0900][info][gc,phases   ] GC(2)   Other: 0.1ms
[2025-02-18T01:17:50.049+0900][info][gc,heap     ] GC(2) Eden regions: 1->0(1)
[2025-02-18T01:17:50.049+0900][info][gc,heap     ] GC(2) Survivor regions: 1->1(1)
[2025-02-18T01:17:50.049+0900][info][gc,heap     ] GC(2) Old regions: 6->8
[2025-02-18T01:17:50.050+0900][info][gc,heap     ] GC(2) Archive regions: 0->0
[2025-02-18T01:17:50.050+0900][info][gc,heap     ] GC(2) Humongous regions: 0->0
[2025-02-18T01:17:50.050+0900][info][gc,metaspace] GC(2) Metaspace: 8070K(8192K)->8070K(8192K) NonClass: 7369K(7424K)->7369K(7424K) Class: 701K(768K)->701K(768K)
[2025-02-18T01:17:50.050+0900][info][gc          ] GC(2) Pause Young (Normal) (G1 Evacuation Pause) 8M->8M(16M) 2.903ms
[2025-02-18T01:17:50.050+0900][info][gc,cpu      ] GC(2) User=0.01s Sys=0.00s Real=0.01s
[2025-02-18T01:17:50.051+0900][info][gc,start    ] GC(3) Pause Young (Concurrent Start) (G1 Humongous Allocation)
[2025-02-18T01:17:50.051+0900][info][gc,task     ] GC(3) Using 2 workers of 9 for evacuation
[2025-02-18T01:17:50.053+0900][info][gc,phases   ] GC(3)   Pre Evacuate Collection Set: 0.0ms
[2025-02-18T01:17:50.053+0900][info][gc,phases   ] GC(3)   Merge Heap Roots: 0.0ms
[2025-02-18T01:17:50.053+0900][info][gc,phases   ] GC(3)   Evacuate Collection Set: 1.0ms
[2025-02-18T01:17:50.053+0900][info][gc,phases   ] GC(3)   Post Evacuate Collection Set: 0.1ms
[2025-02-18T01:17:50.053+0900][info][gc,phases   ] GC(3)   Other: 0.1ms
[2025-02-18T01:17:50.053+0900][info][gc,heap     ] GC(3) Eden regions: 1->0(1)
[2025-02-18T01:17:50.053+0900][info][gc,heap     ] GC(3) Survivor regions: 1->1(1)
[2025-02-18T01:17:50.053+0900][info][gc,heap     ] GC(3) Old regions: 8->9
[2025-02-18T01:17:50.053+0900][info][gc,heap     ] GC(3) Archive regions: 0->0
[2025-02-18T01:17:50.053+0900][info][gc,heap     ] GC(3) Humongous regions: 0->0
[2025-02-18T01:17:50.053+0900][info][gc,metaspace] GC(3) Metaspace: 8071K(8192K)->8071K(8192K) NonClass: 7370K(7424K)->7370K(7424K) Class: 701K(768K)->701K(768K)
[2025-02-18T01:17:50.053+0900][info][gc          ] GC(3) Pause Young (Concurrent Start) (G1 Humongous Allocation) 8M->8M(16M) 1.230ms
[2025-02-18T01:17:50.053+0900][info][gc,cpu      ] GC(3) User=0.00s Sys=0.00s Real=0.00s
[2025-02-18T01:17:50.053+0900][info][gc          ] GC(4) Concurrent Mark Cycle
[2025-02-18T01:17:50.053+0900][info][gc,marking  ] GC(4) Concurrent Clear Claimed Marks
[2025-02-18T01:17:50.053+0900][info][gc,marking  ] GC(4) Concurrent Clear Claimed Marks 0.011ms
[2025-02-18T01:17:50.053+0900][info][gc,marking  ] GC(4) Concurrent Scan Root Regions
[2025-02-18T01:17:50.053+0900][info][gc,marking  ] GC(4) Concurrent Scan Root Regions 0.338ms
[2025-02-18T01:17:50.053+0900][info][gc,marking  ] GC(4) Concurrent Mark
[2025-02-18T01:17:50.053+0900][info][gc,marking  ] GC(4) Concurrent Mark From Roots
[2025-02-18T01:17:50.053+0900][info][gc,task     ] GC(4) Using 2 workers of 2 for marking
[2025-02-18T01:17:50.054+0900][info][gc,start    ] GC(5) Pause Young (Normal) (G1 Evacuation Pause)
[2025-02-18T01:17:50.054+0900][info][gc,task     ] GC(5) Using 2 workers of 9 for evacuation
[2025-02-18T01:17:50.056+0900][info][gc,phases   ] GC(5)   Pre Evacuate Collection Set: 0.0ms
[2025-02-18T01:17:50.056+0900][info][gc,phases   ] GC(5)   Merge Heap Roots: 0.0ms
[2025-02-18T01:17:50.056+0900][info][gc,phases   ] GC(5)   Evacuate Collection Set: 1.4ms
[2025-02-18T01:17:50.056+0900][info][gc,phases   ] GC(5)   Post Evacuate Collection Set: 0.1ms
[2025-02-18T01:17:50.056+0900][info][gc,phases   ] GC(5)   Other: 0.1ms
[2025-02-18T01:17:50.056+0900][info][gc,heap     ] GC(5) Eden regions: 1->0(1)
[2025-02-18T01:17:50.056+0900][info][gc,heap     ] GC(5) Survivor regions: 1->1(1)
[2025-02-18T01:17:50.056+0900][info][gc,heap     ] GC(5) Old regions: 9->9
[2025-02-18T01:17:50.056+0900][info][gc,heap     ] GC(5) Archive regions: 0->0
[2025-02-18T01:17:50.056+0900][info][gc,heap     ] GC(5) Humongous regions: 1->1
[2025-02-18T01:17:50.056+0900][info][gc,metaspace] GC(5) Metaspace: 8072K(8192K)->8072K(8192K) NonClass: 7371K(7424K)->7371K(7424K) Class: 701K(768K)->701K(768K)
[2025-02-18T01:17:50.056+0900][info][gc          ] GC(5) Pause Young (Normal) (G1 Evacuation Pause) 10M->10M(16M) 1.605ms
[2025-02-18T01:17:50.056+0900][info][gc,cpu      ] GC(5) User=0.00s Sys=0.00s Real=0.00s
[2025-02-18T01:17:50.057+0900][info][gc,start    ] GC(6) Pause Young (Normal) (G1 Evacuation Pause)
[2025-02-18T01:17:50.057+0900][info][gc,task     ] GC(6) Using 2 workers of 9 for evacuation
[2025-02-18T01:17:50.058+0900][info][gc,phases   ] GC(6)   Pre Evacuate Collection Set: 0.0ms
[2025-02-18T01:17:50.058+0900][info][gc,phases   ] GC(6)   Merge Heap Roots: 0.0ms
[2025-02-18T01:17:50.058+0900][info][gc,phases   ] GC(6)   Evacuate Collection Set: 1.2ms
[2025-02-18T01:17:50.058+0900][info][gc,phases   ] GC(6)   Post Evacuate Collection Set: 0.1ms
[2025-02-18T01:17:50.058+0900][info][gc,phases   ] GC(6)   Other: 0.1ms
[2025-02-18T01:17:50.058+0900][info][gc,heap     ] GC(6) Eden regions: 1->0(4)
[2025-02-18T01:17:50.058+0900][info][gc,heap     ] GC(6) Survivor regions: 1->1(1)
[2025-02-18T01:17:50.058+0900][info][gc,heap     ] GC(6) Old regions: 9->10
[2025-02-18T01:17:50.058+0900][info][gc,heap     ] GC(6) Archive regions: 0->0
[2025-02-18T01:17:50.058+0900][info][gc,heap     ] GC(6) Humongous regions: 1->1
[2025-02-18T01:17:50.058+0900][info][gc,metaspace] GC(6) Metaspace: 8076K(8192K)->8076K(8192K) NonClass: 7374K(7424K)->7374K(7424K) Class: 701K(768K)->701K(768K)
[2025-02-18T01:17:50.058+0900][info][gc          ] GC(6) Pause Young (Normal) (G1 Evacuation Pause) 11M->11M(32M) 1.503ms
[2025-02-18T01:17:50.058+0900][info][gc,cpu      ] GC(6) User=0.01s Sys=0.00s Real=0.00s
[2025-02-18T01:17:50.059+0900][info][gc,marking  ] GC(4) Concurrent Mark From Roots 5.476ms
[2025-02-18T01:17:50.059+0900][info][gc,marking  ] GC(4) Concurrent Preclean
[2025-02-18T01:17:50.059+0900][info][gc,marking  ] GC(4) Concurrent Preclean 0.017ms
[2025-02-18T01:17:50.059+0900][info][gc,start    ] GC(4) Pause Remark
[2025-02-18T01:17:50.059+0900][info][gc          ] GC(4) Pause Remark 12M->12M(32M) 0.304ms
[2025-02-18T01:17:50.059+0900][info][gc,cpu      ] GC(4) User=0.00s Sys=0.00s Real=0.00s
[2025-02-18T01:17:50.059+0900][info][gc,marking  ] GC(4) Concurrent Mark 5.912ms
[2025-02-18T01:17:50.059+0900][info][gc,marking  ] GC(4) Concurrent Rebuild Remembered Sets
[2025-02-18T01:17:50.062+0900][info][gc,marking  ] GC(4) Concurrent Rebuild Remembered Sets 2.548ms
[2025-02-18T01:17:50.062+0900][info][gc,start    ] GC(4) Pause Cleanup
[2025-02-18T01:17:50.062+0900][info][gc          ] GC(4) Pause Cleanup 15M->15M(32M) 0.025ms
[2025-02-18T01:17:50.062+0900][info][gc,cpu      ] GC(4) User=0.00s Sys=0.00s Real=0.00s
[2025-02-18T01:17:50.062+0900][info][gc,marking  ] GC(4) Concurrent Cleanup for Next Mark
[2025-02-18T01:17:50.062+0900][info][gc,marking  ] GC(4) Concurrent Cleanup for Next Mark 0.149ms
[2025-02-18T01:17:50.062+0900][info][gc          ] GC(4) Concurrent Mark Cycle 9.161ms
[2025-02-18T01:17:50.064+0900][info][gc,start    ] GC(7) Pause Young (Normal) (G1 Evacuation Pause)
[2025-02-18T01:17:50.064+0900][info][gc,task     ] GC(7) Using 2 workers of 9 for evacuation
[2025-02-18T01:17:50.068+0900][info][gc,phases   ] GC(7)   Pre Evacuate Collection Set: 0.0ms
[2025-02-18T01:17:50.069+0900][info][gc,phases   ] GC(7)   Merge Heap Roots: 0.0ms
[2025-02-18T01:17:50.069+0900][info][gc,phases   ] GC(7)   Evacuate Collection Set: 4.7ms
[2025-02-18T01:17:50.069+0900][info][gc,phases   ] GC(7)   Post Evacuate Collection Set: 0.1ms
[2025-02-18T01:17:50.069+0900][info][gc,phases   ] GC(7)   Other: 0.1ms
[2025-02-18T01:17:50.069+0900][info][gc,heap     ] GC(7) Eden regions: 4->0(2)
[2025-02-18T01:17:50.069+0900][info][gc,heap     ] GC(7) Survivor regions: 1->1(1)
[2025-02-18T01:17:50.069+0900][info][gc,heap     ] GC(7) Old regions: 10->14
[2025-02-18T01:17:50.069+0900][info][gc,heap     ] GC(7) Archive regions: 0->0
[2025-02-18T01:17:50.069+0900][info][gc,heap     ] GC(7) Humongous regions: 2->2
[2025-02-18T01:17:50.069+0900][info][gc,metaspace] GC(7) Metaspace: 8076K(8192K)->8076K(8192K) NonClass: 7375K(7424K)->7375K(7424K) Class: 701K(768K)->701K(768K)
[2025-02-18T01:17:50.069+0900][info][gc          ] GC(7) Pause Young (Normal) (G1 Evacuation Pause) 16M->16M(32M) 4.986ms
[2025-02-18T01:17:50.069+0900][info][gc,cpu      ] GC(7) User=0.01s Sys=0.00s Real=0.00s
[2025-02-18T01:17:50.070+0900][info][gc,start    ] GC(8) Pause Young (Concurrent Start) (G1 Humongous Allocation)
[2025-02-18T01:17:50.070+0900][info][gc,task     ] GC(8) Using 2 workers of 9 for evacuation
[2025-02-18T01:17:50.073+0900][info][gc,phases   ] GC(8)   Pre Evacuate Collection Set: 0.0ms
[2025-02-18T01:17:50.073+0900][info][gc,phases   ] GC(8)   Merge Heap Roots: 0.0ms
[2025-02-18T01:17:50.073+0900][info][gc,phases   ] GC(8)   Evacuate Collection Set: 3.0ms
[2025-02-18T01:17:50.073+0900][info][gc,phases   ] GC(8)   Post Evacuate Collection Set: 0.1ms
[2025-02-18T01:17:50.073+0900][info][gc,phases   ] GC(8)   Other: 0.1ms
[2025-02-18T01:17:50.073+0900][info][gc,heap     ] GC(8) Eden regions: 2->0(2)
[2025-02-18T01:17:50.073+0900][info][gc,heap     ] GC(8) Survivor regions: 1->1(1)
[2025-02-18T01:17:50.073+0900][info][gc,heap     ] GC(8) Old regions: 14->16
[2025-02-18T01:17:50.073+0900][info][gc,heap     ] GC(8) Archive regions: 0->0
[2025-02-18T01:17:50.073+0900][info][gc,heap     ] GC(8) Humongous regions: 2->2
[2025-02-18T01:17:50.073+0900][info][gc,metaspace] GC(8) Metaspace: 8076K(8192K)->8076K(8192K) NonClass: 7375K(7424K)->7375K(7424K) Class: 701K(768K)->701K(768K)
[2025-02-18T01:17:50.073+0900][info][gc          ] GC(8) Pause Young (Concurrent Start) (G1 Humongous Allocation) 18M->18M(32M) 3.237ms
[2025-02-18T01:17:50.073+0900][info][gc,cpu      ] GC(8) User=0.00s Sys=0.00s Real=0.00s
[2025-02-18T01:17:50.073+0900][info][gc          ] GC(9) Concurrent Mark Cycle
[2025-02-18T01:17:50.073+0900][info][gc,marking  ] GC(9) Concurrent Clear Claimed Marks
[2025-02-18T01:17:50.073+0900][info][gc,marking  ] GC(9) Concurrent Clear Claimed Marks 0.006ms
[2025-02-18T01:17:50.073+0900][info][gc,marking  ] GC(9) Concurrent Scan Root Regions
[2025-02-18T01:17:50.074+0900][info][gc,marking  ] GC(9) Concurrent Scan Root Regions 0.358ms
[2025-02-18T01:17:50.074+0900][info][gc,marking  ] GC(9) Concurrent Mark
[2025-02-18T01:17:50.074+0900][info][gc,marking  ] GC(9) Concurrent Mark From Roots
[2025-02-18T01:17:50.074+0900][info][gc,task     ] GC(9) Using 2 workers of 2 for marking
[2025-02-18T01:17:50.076+0900][info][gc,start    ] GC(10) Pause Young (Normal) (G1 Evacuation Pause)
[2025-02-18T01:17:50.076+0900][info][gc,task     ] GC(10) Using 2 workers of 9 for evacuation
[2025-02-18T01:17:50.078+0900][info][gc,phases   ] GC(10)   Pre Evacuate Collection Set: 0.0ms
[2025-02-18T01:17:50.078+0900][info][gc,phases   ] GC(10)   Merge Heap Roots: 0.0ms
[2025-02-18T01:17:50.078+0900][info][gc,phases   ] GC(10)   Evacuate Collection Set: 2.1ms
[2025-02-18T01:17:50.078+0900][info][gc,phases   ] GC(10)   Post Evacuate Collection Set: 0.1ms
[2025-02-18T01:17:50.078+0900][info][gc,phases   ] GC(10)   Other: 0.1ms
[2025-02-18T01:17:50.078+0900][info][gc,heap     ] GC(10) Eden regions: 2->0(1)
[2025-02-18T01:17:50.078+0900][info][gc,heap     ] GC(10) Survivor regions: 1->1(1)
[2025-02-18T01:17:50.078+0900][info][gc,heap     ] GC(10) Old regions: 16->18
[2025-02-18T01:17:50.078+0900][info][gc,heap     ] GC(10) Archive regions: 0->0
[2025-02-18T01:17:50.078+0900][info][gc,heap     ] GC(10) Humongous regions: 4->4
[2025-02-18T01:17:50.078+0900][info][gc,metaspace] GC(10) Metaspace: 8076K(8192K)->8076K(8192K) NonClass: 7375K(7424K)->7375K(7424K) Class: 701K(768K)->701K(768K)
[2025-02-18T01:17:50.078+0900][info][gc          ] GC(10) Pause Young (Normal) (G1 Evacuation Pause) 22M->22M(32M) 2.384ms
[2025-02-18T01:17:50.078+0900][info][gc,cpu      ] GC(10) User=0.01s Sys=0.00s Real=0.00s
[2025-02-18T01:17:50.079+0900][info][gc,start    ] GC(11) Pause Young (Normal) (G1 Evacuation Pause)
[2025-02-18T01:17:50.079+0900][info][gc,task     ] GC(11) Using 2 workers of 9 for evacuation
[2025-02-18T01:17:50.080+0900][info][gc,phases   ] GC(11)   Pre Evacuate Collection Set: 0.0ms
[2025-02-18T01:17:50.080+0900][info][gc,phases   ] GC(11)   Merge Heap Roots: 0.0ms
[2025-02-18T01:17:50.080+0900][info][gc,phases   ] GC(11)   Evacuate Collection Set: 1.0ms
[2025-02-18T01:17:50.080+0900][info][gc,phases   ] GC(11)   Post Evacuate Collection Set: 0.1ms
[2025-02-18T01:17:50.080+0900][info][gc,phases   ] GC(11)   Other: 0.1ms
[2025-02-18T01:17:50.080+0900][info][gc,heap     ] GC(11) Eden regions: 1->0(1)
[2025-02-18T01:17:50.080+0900][info][gc,heap     ] GC(11) Survivor regions: 1->1(1)
[2025-02-18T01:17:50.080+0900][info][gc,heap     ] GC(11) Old regions: 18->19
[2025-02-18T01:17:50.080+0900][info][gc,heap     ] GC(11) Archive regions: 0->0
[2025-02-18T01:17:50.080+0900][info][gc,heap     ] GC(11) Humongous regions: 4->4
[2025-02-18T01:17:50.080+0900][info][gc,metaspace] GC(11) Metaspace: 8076K(8192K)->8076K(8192K) NonClass: 7375K(7424K)->7375K(7424K) Class: 701K(768K)->701K(768K)
[2025-02-18T01:17:50.080+0900][info][gc          ] GC(11) Pause Young (Normal) (G1 Evacuation Pause) 23M->23M(32M) 1.216ms
[2025-02-18T01:17:50.080+0900][info][gc,cpu      ] GC(11) User=0.00s Sys=0.00s Real=0.01s
[2025-02-18T01:17:50.081+0900][info][gc,start    ] GC(12) Pause Young (Normal) (G1 Evacuation Pause)
[2025-02-18T01:17:50.081+0900][info][gc,task     ] GC(12) Using 2 workers of 9 for evacuation
[2025-02-18T01:17:50.082+0900][info][gc,phases   ] GC(12)   Pre Evacuate Collection Set: 0.0ms
[2025-02-18T01:17:50.082+0900][info][gc,phases   ] GC(12)   Merge Heap Roots: 0.0ms
[2025-02-18T01:17:50.082+0900][info][gc,phases   ] GC(12)   Evacuate Collection Set: 1.1ms
[2025-02-18T01:17:50.082+0900][info][gc,phases   ] GC(12)   Post Evacuate Collection Set: 0.1ms
[2025-02-18T01:17:50.082+0900][info][gc,phases   ] GC(12)   Other: 0.0ms
[2025-02-18T01:17:50.082+0900][info][gc,heap     ] GC(12) Eden regions: 1->0(3)
[2025-02-18T01:17:50.082+0900][info][gc,heap     ] GC(12) Survivor regions: 1->1(1)
[2025-02-18T01:17:50.082+0900][info][gc,heap     ] GC(12) Old regions: 19->20
[2025-02-18T01:17:50.082+0900][info][gc,heap     ] GC(12) Archive regions: 0->0
[2025-02-18T01:17:50.082+0900][info][gc,heap     ] GC(12) Humongous regions: 4->4
[2025-02-18T01:17:50.082+0900][info][gc,metaspace] GC(12) Metaspace: 8076K(8192K)->8076K(8192K) NonClass: 7375K(7424K)->7375K(7424K) Class: 701K(768K)->701K(768K)
[2025-02-18T01:17:50.082+0900][info][gc          ] GC(12) Pause Young (Normal) (G1 Evacuation Pause) 24M->24M(42M) 1.279ms
[2025-02-18T01:17:50.082+0900][info][gc,cpu      ] GC(12) User=0.00s Sys=0.00s Real=0.00s
[2025-02-18T01:17:50.083+0900][info][gc,marking  ] GC(9) Concurrent Mark From Roots 8.959ms
[2025-02-18T01:17:50.083+0900][info][gc,marking  ] GC(9) Concurrent Preclean
[2025-02-18T01:17:50.083+0900][info][gc,marking  ] GC(9) Concurrent Preclean 0.017ms
[2025-02-18T01:17:50.083+0900][info][gc,start    ] GC(9) Pause Remark
[2025-02-18T01:17:50.083+0900][info][gc          ] GC(9) Pause Remark 25M->24M(42M) 0.234ms
[2025-02-18T01:17:50.083+0900][info][gc,cpu      ] GC(9) User=0.00s Sys=0.00s Real=0.00s
[2025-02-18T01:17:50.083+0900][info][gc,marking  ] GC(9) Concurrent Mark 9.312ms
[2025-02-18T01:17:50.083+0900][info][gc,marking  ] GC(9) Concurrent Rebuild Remembered Sets
[2025-02-18T01:17:50.084+0900][info][gc,start    ] GC(13) Pause Young (Normal) (G1 Evacuation Pause)
[2025-02-18T01:17:50.084+0900][info][gc,task     ] GC(13) Using 2 workers of 9 for evacuation
[2025-02-18T01:17:50.091+0900][info][gc,phases   ] GC(13)   Pre Evacuate Collection Set: 0.0ms
[2025-02-18T01:17:50.091+0900][info][gc,phases   ] GC(13)   Merge Heap Roots: 0.0ms
[2025-02-18T01:17:50.091+0900][info][gc,phases   ] GC(13)   Evacuate Collection Set: 6.6ms
[2025-02-18T01:17:50.091+0900][info][gc,phases   ] GC(13)   Post Evacuate Collection Set: 0.1ms
[2025-02-18T01:17:50.091+0900][info][gc,phases   ] GC(13)   Other: 0.1ms
[2025-02-18T01:17:50.091+0900][info][gc,heap     ] GC(13) Eden regions: 3->0(2)
[2025-02-18T01:17:50.091+0900][info][gc,heap     ] GC(13) Survivor regions: 1->1(1)
[2025-02-18T01:17:50.091+0900][info][gc,heap     ] GC(13) Old regions: 20->23
[2025-02-18T01:17:50.091+0900][info][gc,heap     ] GC(13) Archive regions: 0->0
[2025-02-18T01:17:50.091+0900][info][gc,heap     ] GC(13) Humongous regions: 6->6
[2025-02-18T01:17:50.091+0900][info][gc,metaspace] GC(13) Metaspace: 8076K(8192K)->8076K(8192K) NonClass: 7375K(7424K)->7375K(7424K) Class: 701K(768K)->701K(768K)
[2025-02-18T01:17:50.091+0900][info][gc          ] GC(13) Pause Young (Normal) (G1 Evacuation Pause) 29M->30M(42M) 6.871ms
[2025-02-18T01:17:50.091+0900][info][gc,cpu      ] GC(13) User=0.02s Sys=0.00s Real=0.01s
[2025-02-18T01:17:50.092+0900][info][gc,start    ] GC(14) Pause Young (Normal) (G1 Evacuation Pause)
[2025-02-18T01:17:50.092+0900][info][gc,task     ] GC(14) Using 2 workers of 9 for evacuation
[2025-02-18T01:17:50.095+0900][info][gc,phases   ] GC(14)   Pre Evacuate Collection Set: 0.0ms
[2025-02-18T01:17:50.095+0900][info][gc,phases   ] GC(14)   Merge Heap Roots: 0.0ms
[2025-02-18T01:17:50.095+0900][info][gc,phases   ] GC(14)   Evacuate Collection Set: 2.5ms
[2025-02-18T01:17:50.095+0900][info][gc,phases   ] GC(14)   Post Evacuate Collection Set: 0.1ms
[2025-02-18T01:17:50.095+0900][info][gc,phases   ] GC(14)   Other: 0.0ms
[2025-02-18T01:17:50.095+0900][info][gc,heap     ] GC(14) Eden regions: 2->0(2)
[2025-02-18T01:17:50.095+0900][info][gc,heap     ] GC(14) Survivor regions: 1->1(1)
[2025-02-18T01:17:50.095+0900][info][gc,heap     ] GC(14) Old regions: 23->25
[2025-02-18T01:17:50.095+0900][info][gc,heap     ] GC(14) Archive regions: 0->0
[2025-02-18T01:17:50.095+0900][info][gc,heap     ] GC(14) Humongous regions: 6->6
[2025-02-18T01:17:50.095+0900][info][gc,metaspace] GC(14) Metaspace: 8076K(8192K)->8076K(8192K) NonClass: 7375K(7424K)->7375K(7424K) Class: 701K(768K)->701K(768K)
[2025-02-18T01:17:50.095+0900][info][gc          ] GC(14) Pause Young (Normal) (G1 Evacuation Pause) 32M->32M(42M) 2.722ms
[2025-02-18T01:17:50.095+0900][info][gc,cpu      ] GC(14) User=0.00s Sys=0.00s Real=0.00s
[2025-02-18T01:17:50.096+0900][info][gc,start    ] GC(15) Pause Young (Normal) (G1 Evacuation Pause)
[2025-02-18T01:17:50.096+0900][info][gc,task     ] GC(15) Using 2 workers of 9 for evacuation
[2025-02-18T01:17:50.098+0900][info][gc,phases   ] GC(15)   Pre Evacuate Collection Set: 0.0ms
[2025-02-18T01:17:50.098+0900][info][gc,phases   ] GC(15)   Merge Heap Roots: 0.0ms
[2025-02-18T01:17:50.098+0900][info][gc,phases   ] GC(15)   Evacuate Collection Set: 1.7ms
[2025-02-18T01:17:50.098+0900][info][gc,phases   ] GC(15)   Post Evacuate Collection Set: 0.1ms
[2025-02-18T01:17:50.098+0900][info][gc,phases   ] GC(15)   Other: 0.1ms
[2025-02-18T01:17:50.098+0900][info][gc,heap     ] GC(15) Eden regions: 2->0(2)
[2025-02-18T01:17:50.098+0900][info][gc,heap     ] GC(15) Survivor regions: 1->1(1)
[2025-02-18T01:17:50.098+0900][info][gc,heap     ] GC(15) Old regions: 25->27
[2025-02-18T01:17:50.098+0900][info][gc,heap     ] GC(15) Archive regions: 0->0
[2025-02-18T01:17:50.098+0900][info][gc,heap     ] GC(15) Humongous regions: 6->6
[2025-02-18T01:17:50.098+0900][info][gc,metaspace] GC(15) Metaspace: 8076K(8192K)->8076K(8192K) NonClass: 7375K(7424K)->7375K(7424K) Class: 701K(768K)->701K(768K)
[2025-02-18T01:17:50.098+0900][info][gc          ] GC(15) Pause Young (Normal) (G1 Evacuation Pause) 34M->34M(42M) 1.904ms
[2025-02-18T01:17:50.098+0900][info][gc,cpu      ] GC(15) User=0.00s Sys=0.00s Real=0.00s
[2025-02-18T01:17:50.099+0900][info][gc,start    ] GC(16) Pause Young (Normal) (G1 Evacuation Pause)
[2025-02-18T01:17:50.099+0900][info][gc,task     ] GC(16) Using 2 workers of 9 for evacuation
[2025-02-18T01:17:50.100+0900][info][gc,phases   ] GC(16)   Pre Evacuate Collection Set: 0.0ms
[2025-02-18T01:17:50.100+0900][info][gc,phases   ] GC(16)   Merge Heap Roots: 0.0ms
[2025-02-18T01:17:50.100+0900][info][gc,phases   ] GC(16)   Evacuate Collection Set: 1.5ms
[2025-02-18T01:17:50.100+0900][info][gc,phases   ] GC(16)   Post Evacuate Collection Set: 0.1ms
[2025-02-18T01:17:50.100+0900][info][gc,phases   ] GC(16)   Other: 0.1ms
[2025-02-18T01:17:50.100+0900][info][gc,heap     ] GC(16) Eden regions: 2->0(2)
[2025-02-18T01:17:50.100+0900][info][gc,heap     ] GC(16) Survivor regions: 1->1(1)
[2025-02-18T01:17:50.100+0900][info][gc,heap     ] GC(16) Old regions: 27->30
[2025-02-18T01:17:50.100+0900][info][gc,heap     ] GC(16) Archive regions: 0->0
[2025-02-18T01:17:50.100+0900][info][gc,heap     ] GC(16) Humongous regions: 6->6
[2025-02-18T01:17:50.100+0900][info][gc,metaspace] GC(16) Metaspace: 8076K(8192K)->8076K(8192K) NonClass: 7375K(7424K)->7375K(7424K) Class: 701K(768K)->701K(768K)
[2025-02-18T01:17:50.100+0900][info][gc          ] GC(16) Pause Young (Normal) (G1 Evacuation Pause) 36M->36M(48M) 1.725ms
[2025-02-18T01:17:50.100+0900][info][gc,cpu      ] GC(16) User=0.01s Sys=0.00s Real=0.01s
[2025-02-18T01:17:50.101+0900][info][gc,marking  ] GC(9) Concurrent Rebuild Remembered Sets 17.807ms
[2025-02-18T01:17:50.101+0900][info][gc,start    ] GC(9) Pause Cleanup
[2025-02-18T01:17:50.101+0900][info][gc          ] GC(9) Pause Cleanup 37M->37M(48M) 0.025ms
[2025-02-18T01:17:50.101+0900][info][gc,cpu      ] GC(9) User=0.00s Sys=0.00s Real=0.00s
[2025-02-18T01:17:50.101+0900][info][gc,marking  ] GC(9) Concurrent Cleanup for Next Mark
[2025-02-18T01:17:50.101+0900][info][gc,marking  ] GC(9) Concurrent Cleanup for Next Mark 0.091ms
[2025-02-18T01:17:50.101+0900][info][gc          ] GC(9) Concurrent Mark Cycle 27.722ms
[2025-02-18T01:17:50.101+0900][info][gc,start    ] GC(17) Pause Young (Normal) (G1 Evacuation Pause)
[2025-02-18T01:17:50.101+0900][info][gc,task     ] GC(17) Using 2 workers of 9 for evacuation
[2025-02-18T01:17:50.103+0900][info][gc,phases   ] GC(17)   Pre Evacuate Collection Set: 0.0ms
[2025-02-18T01:17:50.103+0900][info][gc,phases   ] GC(17)   Merge Heap Roots: 0.0ms
[2025-02-18T01:17:50.103+0900][info][gc,phases   ] GC(17)   Evacuate Collection Set: 1.5ms
[2025-02-18T01:17:50.103+0900][info][gc,phases   ] GC(17)   Post Evacuate Collection Set: 0.1ms
[2025-02-18T01:17:50.103+0900][info][gc,phases   ] GC(17)   Other: 0.0ms
[2025-02-18T01:17:50.103+0900][info][gc,heap     ] GC(17) Eden regions: 2->0(2)
[2025-02-18T01:17:50.103+0900][info][gc,heap     ] GC(17) Survivor regions: 1->1(1)
[2025-02-18T01:17:50.103+0900][info][gc,heap     ] GC(17) Old regions: 30->32
[2025-02-18T01:17:50.103+0900][info][gc,heap     ] GC(17) Archive regions: 0->0
[2025-02-18T01:17:50.103+0900][info][gc,heap     ] GC(17) Humongous regions: 6->6
[2025-02-18T01:17:50.103+0900][info][gc,metaspace] GC(17) Metaspace: 8084K(8192K)->8084K(8192K) NonClass: 7382K(7424K)->7382K(7424K) Class: 701K(768K)->701K(768K)
[2025-02-18T01:17:50.103+0900][info][gc          ] GC(17) Pause Young (Normal) (G1 Evacuation Pause) 38M->38M(48M) 1.656ms
[2025-02-18T01:17:50.103+0900][info][gc,cpu      ] GC(17) User=0.00s Sys=0.00s Real=0.00s
[2025-02-18T01:17:50.104+0900][info][gc,start    ] GC(18) Pause Young (Concurrent Start) (G1 Humongous Allocation)
[2025-02-18T01:17:50.104+0900][info][gc,task     ] GC(18) Using 2 workers of 9 for evacuation
[2025-02-18T01:17:50.105+0900][info][gc,phases   ] GC(18)   Pre Evacuate Collection Set: 0.0ms
[2025-02-18T01:17:50.105+0900][info][gc,phases   ] GC(18)   Merge Heap Roots: 0.0ms
[2025-02-18T01:17:50.105+0900][info][gc,phases   ] GC(18)   Evacuate Collection Set: 1.7ms
[2025-02-18T01:17:50.105+0900][info][gc,phases   ] GC(18)   Post Evacuate Collection Set: 0.1ms
[2025-02-18T01:17:50.105+0900][info][gc,phases   ] GC(18)   Other: 0.0ms
[2025-02-18T01:17:50.105+0900][info][gc,heap     ] GC(18) Eden regions: 2->0(3)
[2025-02-18T01:17:50.105+0900][info][gc,heap     ] GC(18) Survivor regions: 1->1(1)
[2025-02-18T01:17:50.105+0900][info][gc,heap     ] GC(18) Old regions: 32->34
[2025-02-18T01:17:50.105+0900][info][gc,heap     ] GC(18) Archive regions: 0->0
[2025-02-18T01:17:50.105+0900][info][gc,heap     ] GC(18) Humongous regions: 6->6
[2025-02-18T01:17:50.105+0900][info][gc,metaspace] GC(18) Metaspace: 8090K(8192K)->8090K(8192K) NonClass: 7389K(7424K)->7389K(7424K) Class: 701K(768K)->701K(768K)
[2025-02-18T01:17:50.105+0900][info][gc          ] GC(18) Pause Young (Concurrent Start) (G1 Humongous Allocation) 39M->40M(48M) 1.891ms
[2025-02-18T01:17:50.105+0900][info][gc,cpu      ] GC(18) User=0.00s Sys=0.00s Real=0.00s
[2025-02-18T01:17:50.105+0900][info][gc          ] GC(19) Concurrent Mark Cycle
[2025-02-18T01:17:50.105+0900][info][gc,marking  ] GC(19) Concurrent Clear Claimed Marks
[2025-02-18T01:17:50.105+0900][info][gc,marking  ] GC(19) Concurrent Clear Claimed Marks 0.005ms
[2025-02-18T01:17:50.105+0900][info][gc,marking  ] GC(19) Concurrent Scan Root Regions
[2025-02-18T01:17:50.106+0900][info][gc,marking  ] GC(19) Concurrent Scan Root Regions 0.404ms
[2025-02-18T01:17:50.106+0900][info][gc,marking  ] GC(19) Concurrent Mark
[2025-02-18T01:17:50.106+0900][info][gc,marking  ] GC(19) Concurrent Mark From Roots
[2025-02-18T01:17:50.106+0900][info][gc,task     ] GC(19) Using 2 workers of 2 for marking
[2025-02-18T01:17:50.106+0900][info][gc,start    ] GC(20) Pause Young (Normal) (G1 Preventive Collection)
[2025-02-18T01:17:50.106+0900][info][gc,task     ] GC(20) Using 2 workers of 9 for evacuation
[2025-02-18T01:17:50.108+0900][info][gc,phases   ] GC(20)   Pre Evacuate Collection Set: 0.0ms
[2025-02-18T01:17:50.108+0900][info][gc,phases   ] GC(20)   Merge Heap Roots: 0.0ms
[2025-02-18T01:17:50.108+0900][info][gc,phases   ] GC(20)   Evacuate Collection Set: 1.5ms
[2025-02-18T01:17:50.108+0900][info][gc,phases   ] GC(20)   Post Evacuate Collection Set: 0.1ms
[2025-02-18T01:17:50.108+0900][info][gc,phases   ] GC(20)   Other: 0.1ms
[2025-02-18T01:17:50.108+0900][info][gc,heap     ] GC(20) Eden regions: 0->0(2)
[2025-02-18T01:17:50.108+0900][info][gc,heap     ] GC(20) Survivor regions: 1->0(1)
[2025-02-18T01:17:50.108+0900][info][gc,heap     ] GC(20) Old regions: 34->35
[2025-02-18T01:17:50.108+0900][info][gc,heap     ] GC(20) Archive regions: 0->0
[2025-02-18T01:17:50.108+0900][info][gc,heap     ] GC(20) Humongous regions: 10->10
[2025-02-18T01:17:50.108+0900][info][gc,metaspace] GC(20) Metaspace: 8092K(8256K)->8092K(8256K) NonClass: 7391K(7488K)->7391K(7488K) Class: 701K(768K)->701K(768K)
[2025-02-18T01:17:50.108+0900][info][gc          ] GC(20) Pause Young (Normal) (G1 Preventive Collection) 44M->44M(48M) 1.793ms
[2025-02-18T01:17:50.108+0900][info][gc,cpu      ] GC(20) User=0.00s Sys=0.00s Real=0.00s
[2025-02-18T01:17:50.109+0900][info][gc,start    ] GC(21) Pause Young (Normal) (G1 Preventive Collection)
[2025-02-18T01:17:50.109+0900][info][gc,task     ] GC(21) Using 2 workers of 9 for evacuation
[2025-02-18T01:17:50.109+0900][info][gc,phases   ] GC(21)   Pre Evacuate Collection Set: 0.0ms
[2025-02-18T01:17:50.109+0900][info][gc,phases   ] GC(21)   Merge Heap Roots: 0.0ms
[2025-02-18T01:17:50.109+0900][info][gc,phases   ] GC(21)   Evacuate Collection Set: 0.6ms
[2025-02-18T01:17:50.109+0900][info][gc,phases   ] GC(21)   Post Evacuate Collection Set: 0.1ms
[2025-02-18T01:17:50.109+0900][info][gc,phases   ] GC(21)   Other: 0.0ms
[2025-02-18T01:17:50.109+0900][info][gc,heap     ] GC(21) Eden regions: 1->0(2)
[2025-02-18T01:17:50.109+0900][info][gc,heap     ] GC(21) Survivor regions: 0->1(1)
[2025-02-18T01:17:50.109+0900][info][gc,heap     ] GC(21) Old regions: 35->35
[2025-02-18T01:17:50.109+0900][info][gc,heap     ] GC(21) Archive regions: 0->0
[2025-02-18T01:17:50.109+0900][info][gc,heap     ] GC(21) Humongous regions: 10->10
[2025-02-18T01:17:50.109+0900][info][gc,metaspace] GC(21) Metaspace: 8093K(8256K)->8093K(8256K) NonClass: 7392K(7488K)->7392K(7488K) Class: 701K(768K)->701K(768K)
[2025-02-18T01:17:50.109+0900][info][gc          ] GC(21) Pause Young (Normal) (G1 Preventive Collection) 45M->45M(48M) 0.791ms
[2025-02-18T01:17:50.109+0900][info][gc,cpu      ] GC(21) User=0.00s Sys=0.00s Real=0.00s
[2025-02-18T01:17:50.110+0900][info][gc,start    ] GC(22) Pause Young (Normal) (G1 Preventive Collection)
[2025-02-18T01:17:50.110+0900][info][gc,task     ] GC(22) Using 2 workers of 9 for evacuation
[2025-02-18T01:17:50.111+0900][info][gc,phases   ] GC(22)   Pre Evacuate Collection Set: 0.0ms
[2025-02-18T01:17:50.111+0900][info][gc,phases   ] GC(22)   Merge Heap Roots: 0.0ms
[2025-02-18T01:17:50.111+0900][info][gc,phases   ] GC(22)   Evacuate Collection Set: 1.0ms
[2025-02-18T01:17:50.111+0900][info][gc,phases   ] GC(22)   Post Evacuate Collection Set: 0.1ms
[2025-02-18T01:17:50.111+0900][info][gc,phases   ] GC(22)   Other: 0.0ms
[2025-02-18T01:17:50.111+0900][info][gc,heap     ] GC(22) Eden regions: 1->0(2)
[2025-02-18T01:17:50.111+0900][info][gc,heap     ] GC(22) Survivor regions: 1->1(1)
[2025-02-18T01:17:50.111+0900][info][gc,heap     ] GC(22) Old regions: 35->36
[2025-02-18T01:17:50.111+0900][info][gc,heap     ] GC(22) Archive regions: 0->0
[2025-02-18T01:17:50.111+0900][info][gc,heap     ] GC(22) Humongous regions: 10->10
[2025-02-18T01:17:50.111+0900][info][gc,metaspace] GC(22) Metaspace: 8093K(8256K)->8093K(8256K) NonClass: 7392K(7488K)->7392K(7488K) Class: 701K(768K)->701K(768K)
[2025-02-18T01:17:50.111+0900][info][gc          ] GC(22) Pause Young (Normal) (G1 Preventive Collection) 46M->46M(52M) 1.219ms
[2025-02-18T01:17:50.111+0900][info][gc,cpu      ] GC(22) User=0.01s Sys=0.00s Real=0.00s
[2025-02-18T01:17:50.112+0900][info][gc,start    ] GC(23) Pause Young (Normal) (G1 Preventive Collection)
[2025-02-18T01:17:50.112+0900][info][gc,task     ] GC(23) Using 2 workers of 9 for evacuation
[2025-02-18T01:17:50.113+0900][info][gc,phases   ] GC(23)   Pre Evacuate Collection Set: 0.0ms
[2025-02-18T01:17:50.113+0900][info][gc,phases   ] GC(23)   Merge Heap Roots: 0.0ms
[2025-02-18T01:17:50.113+0900][info][gc,phases   ] GC(23)   Evacuate Collection Set: 1.3ms
[2025-02-18T01:17:50.113+0900][info][gc,phases   ] GC(23)   Post Evacuate Collection Set: 0.1ms
[2025-02-18T01:17:50.113+0900][info][gc,phases   ] GC(23)   Other: 0.1ms
[2025-02-18T01:17:50.113+0900][info][gc,heap     ] GC(23) Eden regions: 1->0(2)
[2025-02-18T01:17:50.113+0900][info][gc,heap     ] GC(23) Survivor regions: 1->1(1)
[2025-02-18T01:17:50.113+0900][info][gc,heap     ] GC(23) Old regions: 36->37
[2025-02-18T01:17:50.113+0900][info][gc,heap     ] GC(23) Archive regions: 0->0
[2025-02-18T01:17:50.113+0900][info][gc,heap     ] GC(23) Humongous regions: 10->10
[2025-02-18T01:17:50.113+0900][info][gc,metaspace] GC(23) Metaspace: 8093K(8256K)->8093K(8256K) NonClass: 7392K(7488K)->7392K(7488K) Class: 701K(768K)->701K(768K)
[2025-02-18T01:17:50.113+0900][info][gc          ] GC(23) Pause Young (Normal) (G1 Preventive Collection) 47M->47M(52M) 1.543ms
[2025-02-18T01:17:50.113+0900][info][gc,cpu      ] GC(23) User=0.00s Sys=0.00s Real=0.00s
[2025-02-18T01:17:50.114+0900][info][gc,start    ] GC(24) Pause Young (Normal) (G1 Preventive Collection)
[2025-02-18T01:17:50.114+0900][info][gc,task     ] GC(24) Using 2 workers of 9 for evacuation
[2025-02-18T01:17:50.115+0900][info][gc,phases   ] GC(24)   Pre Evacuate Collection Set: 0.0ms
[2025-02-18T01:17:50.115+0900][info][gc,phases   ] GC(24)   Merge Heap Roots: 0.0ms
[2025-02-18T01:17:50.115+0900][info][gc,phases   ] GC(24)   Evacuate Collection Set: 0.9ms
[2025-02-18T01:17:50.115+0900][info][gc,phases   ] GC(24)   Post Evacuate Collection Set: 0.1ms
[2025-02-18T01:17:50.115+0900][info][gc,phases   ] GC(24)   Other: 0.1ms
[2025-02-18T01:17:50.115+0900][info][gc,heap     ] GC(24) Eden regions: 1->0(2)
[2025-02-18T01:17:50.115+0900][info][gc,heap     ] GC(24) Survivor regions: 1->1(1)
[2025-02-18T01:17:50.115+0900][info][gc,heap     ] GC(24) Old regions: 37->38
[2025-02-18T01:17:50.115+0900][info][gc,heap     ] GC(24) Archive regions: 0->0
[2025-02-18T01:17:50.115+0900][info][gc,heap     ] GC(24) Humongous regions: 10->10
[2025-02-18T01:17:50.115+0900][info][gc,metaspace] GC(24) Metaspace: 8093K(8256K)->8093K(8256K) NonClass: 7392K(7488K)->7392K(7488K) Class: 701K(768K)->701K(768K)
[2025-02-18T01:17:50.115+0900][info][gc          ] GC(24) Pause Young (Normal) (G1 Preventive Collection) 48M->48M(52M) 1.180ms
[2025-02-18T01:17:50.115+0900][info][gc,cpu      ] GC(24) User=0.00s Sys=0.00s Real=0.00s
[2025-02-18T01:17:50.115+0900][info][gc,start    ] GC(25) Pause Young (Normal) (G1 Preventive Collection)
[2025-02-18T01:17:50.115+0900][info][gc,task     ] GC(25) Using 2 workers of 9 for evacuation
[2025-02-18T01:17:50.116+0900][info][gc,phases   ] GC(25)   Pre Evacuate Collection Set: 0.0ms
[2025-02-18T01:17:50.116+0900][info][gc,phases   ] GC(25)   Merge Heap Roots: 0.0ms
[2025-02-18T01:17:50.116+0900][info][gc,phases   ] GC(25)   Evacuate Collection Set: 1.0ms
[2025-02-18T01:17:50.116+0900][info][gc,phases   ] GC(25)   Post Evacuate Collection Set: 0.1ms
[2025-02-18T01:17:50.116+0900][info][gc,phases   ] GC(25)   Other: 0.1ms
[2025-02-18T01:17:50.116+0900][info][gc,heap     ] GC(25) Eden regions: 1->0(2)
[2025-02-18T01:17:50.116+0900][info][gc,heap     ] GC(25) Survivor regions: 1->1(1)
[2025-02-18T01:17:50.116+0900][info][gc,heap     ] GC(25) Old regions: 38->39
[2025-02-18T01:17:50.116+0900][info][gc,heap     ] GC(25) Archive regions: 0->0
[2025-02-18T01:17:50.116+0900][info][gc,heap     ] GC(25) Humongous regions: 10->10
[2025-02-18T01:17:50.116+0900][info][gc,metaspace] GC(25) Metaspace: 8093K(8256K)->8093K(8256K) NonClass: 7392K(7488K)->7392K(7488K) Class: 701K(768K)->701K(768K)
[2025-02-18T01:17:50.116+0900][info][gc          ] GC(25) Pause Young (Normal) (G1 Preventive Collection) 49M->49M(52M) 1.205ms
[2025-02-18T01:17:50.116+0900][info][gc,cpu      ] GC(25) User=0.01s Sys=0.00s Real=0.00s
[2025-02-18T01:17:50.117+0900][info][gc,start    ] GC(26) Pause Young (Normal) (G1 Preventive Collection)
[2025-02-18T01:17:50.117+0900][info][gc,task     ] GC(26) Using 2 workers of 9 for evacuation
[2025-02-18T01:17:50.118+0900][info][gc,phases   ] GC(26)   Pre Evacuate Collection Set: 0.0ms
[2025-02-18T01:17:50.118+0900][info][gc,phases   ] GC(26)   Merge Heap Roots: 0.0ms
[2025-02-18T01:17:50.118+0900][info][gc,phases   ] GC(26)   Evacuate Collection Set: 1.0ms
[2025-02-18T01:17:50.118+0900][info][gc,phases   ] GC(26)   Post Evacuate Collection Set: 0.1ms
[2025-02-18T01:17:50.118+0900][info][gc,phases   ] GC(26)   Other: 0.0ms
[2025-02-18T01:17:50.118+0900][info][gc,heap     ] GC(26) Eden regions: 1->0(2)
[2025-02-18T01:17:50.118+0900][info][gc,heap     ] GC(26) Survivor regions: 1->1(1)
[2025-02-18T01:17:50.118+0900][info][gc,heap     ] GC(26) Old regions: 39->40
[2025-02-18T01:17:50.118+0900][info][gc,heap     ] GC(26) Archive regions: 0->0
[2025-02-18T01:17:50.118+0900][info][gc,heap     ] GC(26) Humongous regions: 10->10
[2025-02-18T01:17:50.118+0900][info][gc,metaspace] GC(26) Metaspace: 8093K(8256K)->8093K(8256K) NonClass: 7392K(7488K)->7392K(7488K) Class: 701K(768K)->701K(768K)
[2025-02-18T01:17:50.118+0900][info][gc          ] GC(26) Pause Young (Normal) (G1 Preventive Collection) 50M->50M(55M) 1.201ms
[2025-02-18T01:17:50.118+0900][info][gc,cpu      ] GC(26) User=0.00s Sys=0.00s Real=0.00s
[2025-02-18T01:17:50.119+0900][info][gc,start    ] GC(27) Pause Young (Normal) (G1 Preventive Collection)
[2025-02-18T01:17:50.119+0900][info][gc,task     ] GC(27) Using 2 workers of 9 for evacuation
[2025-02-18T01:17:50.120+0900][info][gc,phases   ] GC(27)   Pre Evacuate Collection Set: 0.0ms
[2025-02-18T01:17:50.120+0900][info][gc,phases   ] GC(27)   Merge Heap Roots: 0.0ms
[2025-02-18T01:17:50.120+0900][info][gc,phases   ] GC(27)   Evacuate Collection Set: 1.0ms
[2025-02-18T01:17:50.120+0900][info][gc,phases   ] GC(27)   Post Evacuate Collection Set: 0.0ms
[2025-02-18T01:17:50.120+0900][info][gc,phases   ] GC(27)   Other: 0.0ms
[2025-02-18T01:17:50.120+0900][info][gc,heap     ] GC(27) Eden regions: 1->0(2)
[2025-02-18T01:17:50.120+0900][info][gc,heap     ] GC(27) Survivor regions: 1->1(1)
[2025-02-18T01:17:50.120+0900][info][gc,heap     ] GC(27) Old regions: 40->41
[2025-02-18T01:17:50.120+0900][info][gc,heap     ] GC(27) Archive regions: 0->0
[2025-02-18T01:17:50.120+0900][info][gc,heap     ] GC(27) Humongous regions: 10->10
[2025-02-18T01:17:50.120+0900][info][gc,metaspace] GC(27) Metaspace: 8093K(8256K)->8093K(8256K) NonClass: 7392K(7488K)->7392K(7488K) Class: 701K(768K)->701K(768K)
[2025-02-18T01:17:50.120+0900][info][gc          ] GC(27) Pause Young (Normal) (G1 Preventive Collection) 51M->51M(55M) 1.155ms
[2025-02-18T01:17:50.120+0900][info][gc,cpu      ] GC(27) User=0.00s Sys=0.00s Real=0.01s
[2025-02-18T01:17:50.120+0900][info][gc,start    ] GC(28) Pause Young (Normal) (G1 Preventive Collection)
[2025-02-18T01:17:50.120+0900][info][gc,task     ] GC(28) Using 2 workers of 9 for evacuation
[2025-02-18T01:17:50.121+0900][info][gc,phases   ] GC(28)   Pre Evacuate Collection Set: 0.0ms
[2025-02-18T01:17:50.121+0900][info][gc,phases   ] GC(28)   Merge Heap Roots: 0.0ms
[2025-02-18T01:17:50.121+0900][info][gc,phases   ] GC(28)   Evacuate Collection Set: 0.9ms
[2025-02-18T01:17:50.121+0900][info][gc,phases   ] GC(28)   Post Evacuate Collection Set: 0.1ms
[2025-02-18T01:17:50.121+0900][info][gc,phases   ] GC(28)   Other: 0.1ms
[2025-02-18T01:17:50.121+0900][info][gc,heap     ] GC(28) Eden regions: 1->0(2)
[2025-02-18T01:17:50.121+0900][info][gc,heap     ] GC(28) Survivor regions: 1->1(1)
[2025-02-18T01:17:50.121+0900][info][gc,heap     ] GC(28) Old regions: 41->42
[2025-02-18T01:17:50.121+0900][info][gc,heap     ] GC(28) Archive regions: 0->0
[2025-02-18T01:17:50.121+0900][info][gc,heap     ] GC(28) Humongous regions: 10->10
[2025-02-18T01:17:50.121+0900][info][gc,metaspace] GC(28) Metaspace: 8093K(8256K)->8093K(8256K) NonClass: 7392K(7488K)->7392K(7488K) Class: 701K(768K)->701K(768K)
[2025-02-18T01:17:50.121+0900][info][gc          ] GC(28) Pause Young (Normal) (G1 Preventive Collection) 52M->52M(55M) 1.093ms
[2025-02-18T01:17:50.121+0900][info][gc,cpu      ] GC(28) User=0.01s Sys=0.01s Real=0.00s
[2025-02-18T01:17:50.122+0900][info][gc,start    ] GC(29) Pause Young (Normal) (G1 Preventive Collection)
[2025-02-18T01:17:50.122+0900][info][gc,task     ] GC(29) Using 2 workers of 9 for evacuation
[2025-02-18T01:17:50.123+0900][info][gc,phases   ] GC(29)   Pre Evacuate Collection Set: 0.0ms
[2025-02-18T01:17:50.123+0900][info][gc,phases   ] GC(29)   Merge Heap Roots: 0.0ms
[2025-02-18T01:17:50.123+0900][info][gc,phases   ] GC(29)   Evacuate Collection Set: 1.1ms
[2025-02-18T01:17:50.123+0900][info][gc,phases   ] GC(29)   Post Evacuate Collection Set: 0.1ms
[2025-02-18T01:17:50.123+0900][info][gc,phases   ] GC(29)   Other: 0.0ms
[2025-02-18T01:17:50.123+0900][info][gc,heap     ] GC(29) Eden regions: 1->0(2)
[2025-02-18T01:17:50.123+0900][info][gc,heap     ] GC(29) Survivor regions: 1->1(1)
[2025-02-18T01:17:50.123+0900][info][gc,heap     ] GC(29) Old regions: 42->43
[2025-02-18T01:17:50.123+0900][info][gc,heap     ] GC(29) Archive regions: 0->0
[2025-02-18T01:17:50.123+0900][info][gc,heap     ] GC(29) Humongous regions: 10->10
[2025-02-18T01:17:50.123+0900][info][gc,metaspace] GC(29) Metaspace: 8093K(8256K)->8093K(8256K) NonClass: 7392K(7488K)->7392K(7488K) Class: 701K(768K)->701K(768K)
[2025-02-18T01:17:50.123+0900][info][gc          ] GC(29) Pause Young (Normal) (G1 Preventive Collection) 53M->53M(56M) 1.294ms
[2025-02-18T01:17:50.123+0900][info][gc,cpu      ] GC(29) User=0.00s Sys=0.00s Real=0.00s
[2025-02-18T01:17:50.123+0900][info][gc,start    ] GC(30) Pause Young (Normal) (G1 Preventive Collection)
[2025-02-18T01:17:50.123+0900][info][gc,task     ] GC(30) Using 2 workers of 9 for evacuation
[2025-02-18T01:17:50.125+0900][info][gc          ] GC(30) To-space exhausted
[2025-02-18T01:17:50.125+0900][info][gc,phases   ] GC(30)   Pre Evacuate Collection Set: 0.0ms
[2025-02-18T01:17:50.125+0900][info][gc,phases   ] GC(30)   Merge Heap Roots: 0.0ms
[2025-02-18T01:17:50.125+0900][info][gc,phases   ] GC(30)   Evacuate Collection Set: 1.2ms
[2025-02-18T01:17:50.125+0900][info][gc,phases   ] GC(30)   Post Evacuate Collection Set: 0.5ms
[2025-02-18T01:17:50.125+0900][info][gc,phases   ] GC(30)   Other: 0.1ms
[2025-02-18T01:17:50.125+0900][info][gc,heap     ] GC(30) Eden regions: 1->0(2)
[2025-02-18T01:17:50.125+0900][info][gc,heap     ] GC(30) Survivor regions: 1->1(1)
[2025-02-18T01:17:50.125+0900][info][gc,heap     ] GC(30) Old regions: 43->45
[2025-02-18T01:17:50.125+0900][info][gc,heap     ] GC(30) Archive regions: 0->0
[2025-02-18T01:17:50.125+0900][info][gc,heap     ] GC(30) Humongous regions: 10->10
[2025-02-18T01:17:50.125+0900][info][gc,metaspace] GC(30) Metaspace: 8093K(8256K)->8093K(8256K) NonClass: 7392K(7488K)->7392K(7488K) Class: 701K(768K)->701K(768K)
[2025-02-18T01:17:50.125+0900][info][gc          ] GC(30) Pause Young (Normal) (G1 Preventive Collection) 54M->56M(56M) 1.775ms
[2025-02-18T01:17:50.125+0900][info][gc,cpu      ] GC(30) User=0.00s Sys=0.00s Real=0.00s
[2025-02-18T01:17:50.125+0900][info][gc,ergo     ] Attempting full compaction
[2025-02-18T01:17:50.125+0900][info][gc,task     ] GC(31) Using 2 workers of 9 for full compaction
[2025-02-18T01:17:50.125+0900][info][gc,start    ] GC(31) Pause Full (G1 Compaction Pause)
[2025-02-18T01:17:50.125+0900][info][gc,phases,start] GC(31) Phase 1: Mark live objects
[2025-02-18T01:17:50.139+0900][info][gc,phases      ] GC(31) Phase 1: Mark live objects 13.698ms
[2025-02-18T01:17:50.139+0900][info][gc,phases,start] GC(31) Phase 2: Prepare for compaction
[2025-02-18T01:17:50.142+0900][info][gc,phases      ] GC(31) Phase 2: Prepare for compaction 2.460ms
[2025-02-18T01:17:50.142+0900][info][gc,phases,start] GC(31) Phase 3: Adjust pointers
[2025-02-18T01:17:50.147+0900][info][gc,phases      ] GC(31) Phase 3: Adjust pointers 5.172ms
[2025-02-18T01:17:50.147+0900][info][gc,phases,start] GC(31) Phase 4: Compact heap
[2025-02-18T01:17:50.149+0900][info][gc,phases      ] GC(31) Phase 4: Compact heap 2.495ms
[2025-02-18T01:17:50.150+0900][info][gc,heap        ] GC(31) Eden regions: 0->0(2)
[2025-02-18T01:17:50.150+0900][info][gc,heap        ] GC(31) Survivor regions: 1->0(1)
[2025-02-18T01:17:50.150+0900][info][gc,heap        ] GC(31) Old regions: 45->41
[2025-02-18T01:17:50.150+0900][info][gc,heap        ] GC(31) Archive regions: 0->0
[2025-02-18T01:17:50.150+0900][info][gc,heap        ] GC(31) Humongous regions: 10->4
[2025-02-18T01:17:50.150+0900][info][gc,metaspace   ] GC(31) Metaspace: 8093K(8256K)->8088K(8256K) NonClass: 7392K(7488K)->7388K(7488K) Class: 701K(768K)->699K(768K)
[2025-02-18T01:17:50.150+0900][info][gc             ] GC(31) Pause Full (G1 Compaction Pause) 56M->43M(56M) 24.437ms
[2025-02-18T01:17:50.150+0900][info][gc,cpu         ] GC(31) User=0.05s Sys=0.00s Real=0.03s
[2025-02-18T01:17:50.150+0900][info][gc,marking     ] GC(19) Concurrent Mark From Roots 43.939ms
[2025-02-18T01:17:50.150+0900][info][gc,marking     ] GC(19) Concurrent Mark Abort
[2025-02-18T01:17:50.150+0900][info][gc             ] GC(19) Concurrent Mark Cycle 44.392ms
[2025-02-18T01:17:50.151+0900][info][gc,start       ] GC(32) Pause Young (Normal) (G1 Evacuation Pause)
[2025-02-18T01:17:50.151+0900][info][gc,task        ] GC(32) Using 2 workers of 9 for evacuation
[2025-02-18T01:17:50.152+0900][info][gc,phases      ] GC(32)   Pre Evacuate Collection Set: 0.0ms
[2025-02-18T01:17:50.152+0900][info][gc,phases      ] GC(32)   Merge Heap Roots: 0.0ms
[2025-02-18T01:17:50.152+0900][info][gc,phases      ] GC(32)   Evacuate Collection Set: 0.9ms
[2025-02-18T01:17:50.152+0900][info][gc,phases      ] GC(32)   Post Evacuate Collection Set: 0.1ms
[2025-02-18T01:17:50.152+0900][info][gc,phases      ] GC(32)   Other: 0.0ms
[2025-02-18T01:17:50.152+0900][info][gc,heap        ] GC(32) Eden regions: 2->0(2)
[2025-02-18T01:17:50.152+0900][info][gc,heap        ] GC(32) Survivor regions: 0->1(1)
[2025-02-18T01:17:50.152+0900][info][gc,heap        ] GC(32) Old regions: 41->42
[2025-02-18T01:17:50.152+0900][info][gc,heap        ] GC(32) Archive regions: 0->0
[2025-02-18T01:17:50.152+0900][info][gc,heap        ] GC(32) Humongous regions: 4->4
[2025-02-18T01:17:50.152+0900][info][gc,metaspace   ] GC(32) Metaspace: 8088K(8256K)->8088K(8256K) NonClass: 7388K(7488K)->7388K(7488K) Class: 699K(768K)->699K(768K)
[2025-02-18T01:17:50.152+0900][info][gc             ] GC(32) Pause Young (Normal) (G1 Evacuation Pause) 45M->45M(56M) 1.141ms
[2025-02-18T01:17:50.152+0900][info][gc,cpu         ] GC(32) User=0.00s Sys=0.00s Real=0.00s
[2025-02-18T01:17:50.152+0900][info][gc,start       ] GC(33) Pause Young (Concurrent Start) (G1 Evacuation Pause)
[2025-02-18T01:17:50.152+0900][info][gc,task        ] GC(33) Using 2 workers of 9 for evacuation
[2025-02-18T01:17:50.154+0900][info][gc,phases      ] GC(33)   Pre Evacuate Collection Set: 0.0ms
[2025-02-18T01:17:50.154+0900][info][gc,phases      ] GC(33)   Merge Heap Roots: 0.0ms
[2025-02-18T01:17:50.154+0900][info][gc,phases      ] GC(33)   Evacuate Collection Set: 1.5ms
[2025-02-18T01:17:50.154+0900][info][gc,phases      ] GC(33)   Post Evacuate Collection Set: 0.1ms
[2025-02-18T01:17:50.154+0900][info][gc,phases      ] GC(33)   Other: 0.0ms
[2025-02-18T01:17:50.154+0900][info][gc,heap        ] GC(33) Eden regions: 2->0(3)
[2025-02-18T01:17:50.154+0900][info][gc,heap        ] GC(33) Survivor regions: 1->1(1)
[2025-02-18T01:17:50.154+0900][info][gc,heap        ] GC(33) Old regions: 42->44
[2025-02-18T01:17:50.154+0900][info][gc,heap        ] GC(33) Archive regions: 0->0
[2025-02-18T01:17:50.154+0900][info][gc,heap        ] GC(33) Humongous regions: 4->4
[2025-02-18T01:17:50.154+0900][info][gc,metaspace   ] GC(33) Metaspace: 8088K(8256K)->8088K(8256K) NonClass: 7388K(7488K)->7388K(7488K) Class: 699K(768K)->699K(768K)
[2025-02-18T01:17:50.154+0900][info][gc             ] GC(33) Pause Young (Concurrent Start) (G1 Evacuation Pause) 47M->47M(56M) 1.728ms
[2025-02-18T01:17:50.154+0900][info][gc,cpu         ] GC(33) User=0.01s Sys=0.00s Real=0.00s
[2025-02-18T01:17:50.154+0900][info][gc             ] GC(34) Concurrent Mark Cycle
[2025-02-18T01:17:50.154+0900][info][gc,marking     ] GC(34) Concurrent Clear Claimed Marks
[2025-02-18T01:17:50.154+0900][info][gc,marking     ] GC(34) Concurrent Clear Claimed Marks 0.005ms
[2025-02-18T01:17:50.154+0900][info][gc,marking     ] GC(34) Concurrent Scan Root Regions
[2025-02-18T01:17:50.155+0900][info][gc,marking     ] GC(34) Concurrent Scan Root Regions 0.500ms
[2025-02-18T01:17:50.155+0900][info][gc,marking     ] GC(34) Concurrent Mark
[2025-02-18T01:17:50.155+0900][info][gc,marking     ] GC(34) Concurrent Mark From Roots
[2025-02-18T01:17:50.155+0900][info][gc,task        ] GC(34) Using 2 workers of 2 for marking
[2025-02-18T01:17:50.155+0900][info][gc,start       ] GC(35) Pause Young (Normal) (G1 Preventive Collection)
[2025-02-18T01:17:50.155+0900][info][gc,task        ] GC(35) Using 2 workers of 9 for evacuation
[2025-02-18T01:17:50.156+0900][info][gc,phases      ] GC(35)   Pre Evacuate Collection Set: 0.2ms
[2025-02-18T01:17:50.156+0900][info][gc,phases      ] GC(35)   Merge Heap Roots: 0.0ms
[2025-02-18T01:17:50.156+0900][info][gc,phases      ] GC(35)   Evacuate Collection Set: 0.9ms
[2025-02-18T01:17:50.156+0900][info][gc,phases      ] GC(35)   Post Evacuate Collection Set: 0.1ms
[2025-02-18T01:17:50.156+0900][info][gc,phases      ] GC(35)   Other: 0.1ms
[2025-02-18T01:17:50.156+0900][info][gc,heap        ] GC(35) Eden regions: 1->0(3)
[2025-02-18T01:17:50.156+0900][info][gc,heap        ] GC(35) Survivor regions: 1->1(1)
[2025-02-18T01:17:50.156+0900][info][gc,heap        ] GC(35) Old regions: 44->46
[2025-02-18T01:17:50.156+0900][info][gc,heap        ] GC(35) Archive regions: 0->0
[2025-02-18T01:17:50.156+0900][info][gc,heap        ] GC(35) Humongous regions: 4->4
[2025-02-18T01:17:50.156+0900][info][gc,metaspace   ] GC(35) Metaspace: 8088K(8256K)->8088K(8256K) NonClass: 7388K(7488K)->7388K(7488K) Class: 699K(768K)->699K(768K)
[2025-02-18T01:17:50.156+0900][info][gc             ] GC(35) Pause Young (Normal) (G1 Preventive Collection) 48M->49M(56M) 1.093ms
[2025-02-18T01:17:50.156+0900][info][gc,cpu         ] GC(35) User=0.00s Sys=0.00s Real=0.00s
[2025-02-18T01:17:50.156+0900][info][gc,ergo        ] Attempting full compaction
[2025-02-18T01:17:50.156+0900][info][gc,task        ] GC(36) Using 2 workers of 9 for full compaction
[2025-02-18T01:17:50.156+0900][info][gc,start       ] GC(36) Pause Full (G1 Compaction Pause)
[2025-02-18T01:17:50.156+0900][info][gc,phases,start] GC(36) Phase 1: Mark live objects
[2025-02-18T01:17:50.171+0900][info][gc,phases      ] GC(36) Phase 1: Mark live objects 15.030ms
[2025-02-18T01:17:50.171+0900][info][gc,phases,start] GC(36) Phase 2: Prepare for compaction
[2025-02-18T01:17:50.172+0900][info][gc,phases      ] GC(36) Phase 2: Prepare for compaction 0.916ms
[2025-02-18T01:17:50.172+0900][info][gc,phases,start] GC(36) Phase 3: Adjust pointers
[2025-02-18T01:17:50.177+0900][info][gc,phases      ] GC(36) Phase 3: Adjust pointers 5.528ms
[2025-02-18T01:17:50.177+0900][info][gc,phases,start] GC(36) Phase 4: Compact heap
[2025-02-18T01:17:50.178+0900][info][gc,phases      ] GC(36) Phase 4: Compact heap 0.742ms
[2025-02-18T01:17:50.178+0900][info][gc,heap        ] GC(36) Eden regions: 0->0(2)
[2025-02-18T01:17:50.178+0900][info][gc,heap        ] GC(36) Survivor regions: 1->0(1)
[2025-02-18T01:17:50.178+0900][info][gc,heap        ] GC(36) Old regions: 46->45
[2025-02-18T01:17:50.178+0900][info][gc,heap        ] GC(36) Archive regions: 0->0
[2025-02-18T01:17:50.178+0900][info][gc,heap        ] GC(36) Humongous regions: 4->4
[2025-02-18T01:17:50.178+0900][info][gc,metaspace   ] GC(36) Metaspace: 8088K(8256K)->8088K(8256K) NonClass: 7388K(7488K)->7388K(7488K) Class: 699K(768K)->699K(768K)
[2025-02-18T01:17:50.178+0900][info][gc             ] GC(36) Pause Full (G1 Compaction Pause) 49M->48M(56M) 22.672ms
[2025-02-18T01:17:50.179+0900][info][gc,cpu         ] GC(36) User=0.04s Sys=0.00s Real=0.02s
[2025-02-18T01:17:50.179+0900][info][gc,ergo        ] Attempting maximum full compaction clearing soft references
[2025-02-18T01:17:50.179+0900][info][gc,task        ] GC(37) Using 2 workers of 9 for full compaction
[2025-02-18T01:17:50.179+0900][info][gc,start       ] GC(37) Pause Full (G1 Compaction Pause)
[2025-02-18T01:17:50.179+0900][info][gc,phases,start] GC(37) Phase 1: Mark live objects
[2025-02-18T01:17:50.193+0900][info][gc,phases      ] GC(37) Phase 1: Mark live objects 14.649ms
[2025-02-18T01:17:50.193+0900][info][gc,phases,start] GC(37) Phase 2: Prepare for compaction
[2025-02-18T01:17:50.199+0900][info][gc,phases      ] GC(37) Phase 2: Prepare for compaction 5.477ms
[2025-02-18T01:17:50.199+0900][info][gc,phases,start] GC(37) Phase 3: Adjust pointers
[2025-02-18T01:17:50.205+0900][info][gc,phases      ] GC(37) Phase 3: Adjust pointers 6.049ms
[2025-02-18T01:17:50.205+0900][info][gc,phases,start] GC(37) Phase 4: Compact heap
[2025-02-18T01:17:50.210+0900][info][gc,phases      ] GC(37) Phase 4: Compact heap 5.424ms
[2025-02-18T01:17:50.211+0900][info][gc,heap        ] GC(37) Eden regions: 0->0(2)
[2025-02-18T01:17:50.211+0900][info][gc,heap        ] GC(37) Survivor regions: 0->0(1)
[2025-02-18T01:17:50.211+0900][info][gc,heap        ] GC(37) Old regions: 45->45
[2025-02-18T01:17:50.211+0900][info][gc,heap        ] GC(37) Archive regions: 0->0
[2025-02-18T01:17:50.211+0900][info][gc,heap        ] GC(37) Humongous regions: 4->4
[2025-02-18T01:17:50.211+0900][info][gc,metaspace   ] GC(37) Metaspace: 8088K(8256K)->8088K(8256K) NonClass: 7388K(7488K)->7388K(7488K) Class: 699K(768K)->699K(768K)
[2025-02-18T01:17:50.211+0900][info][gc             ] GC(37) Pause Full (G1 Compaction Pause) 48M->48M(56M) 32.008ms
[2025-02-18T01:17:50.211+0900][info][gc,cpu         ] GC(37) User=0.07s Sys=0.00s Real=0.04s
[2025-02-18T01:17:50.211+0900][info][gc,marking     ] GC(34) Concurrent Mark From Roots 56.059ms
[2025-02-18T01:17:50.211+0900][info][gc,marking     ] GC(34) Concurrent Mark Abort
[2025-02-18T01:17:50.211+0900][info][gc             ] GC(34) Concurrent Mark Cycle 56.642ms
[2025-02-18T01:17:50.368+0900][info][gc,heap,exit   ] Heap
[2025-02-18T01:17:50.368+0900][info][gc,heap,exit   ]  garbage-first heap   total 57344K, used 49627K [0x00000007fc800000, 0x0000000800000000)
[2025-02-18T01:17:50.368+0900][info][gc,heap,exit   ]   region size 1024K, 1 young (1024K), 0 survivors (0K)
[2025-02-18T01:17:50.368+0900][info][gc,heap,exit   ]  Metaspace       used 8105K, committed 8256K, reserved 1114112K
[2025-02-18T01:17:50.368+0900][info][gc,heap,exit   ]   class space    used 703K, committed 768K, reserved 1048576K
